<?xml version="1.0" encoding="UTF-8"?>
<coverage generated="1375363913">
  <project timestamp="1375363913">
    <package name="Eloquent\Blox">
      <file name="/home/travis/build/eloquent/blox/src/Eloquent/Blox/BloxParser.php">
        <class name="BloxParser" namespace="Eloquent\Blox">
          <metrics methods="5" coveredmethods="5" conditionals="0" coveredconditionals="0" statements="76" coveredstatements="76" elements="81" coveredelements="81"/>
        </class>
        <line num="26" type="method" name="parseBlockComment" crap="1" count="7"/>
        <line num="28" type="stmt" count="7"/>
        <line num="30" type="stmt" count="7"/>
        <line num="31" type="stmt" count="7"/>
        <line num="32" type="stmt" count="7"/>
        <line num="33" type="stmt" count="7"/>
        <line num="34" type="stmt" count="7"/>
        <line num="42" type="method" name="parseBlockCommentLines" crap="2" count="7"/>
        <line num="44" type="stmt" count="7"/>
        <line num="45" type="stmt" count="7"/>
        <line num="46" type="stmt" count="7"/>
        <line num="47" type="stmt" count="7"/>
        <line num="49" type="stmt" count="7"/>
        <line num="57" type="method" name="parseBlockCommentTags" crap="13" count="7"/>
        <line num="59" type="stmt" count="7"/>
        <line num="60" type="stmt" count="7"/>
        <line num="61" type="stmt" count="7"/>
        <line num="62" type="stmt" count="7"/>
        <line num="63" type="stmt" count="7"/>
        <line num="64" type="stmt" count="7"/>
        <line num="66" type="stmt" count="7"/>
        <line num="67" type="stmt" count="7"/>
        <line num="70" type="stmt" count="7"/>
        <line num="71" type="stmt" count="7"/>
        <line num="72" type="stmt" count="7"/>
        <line num="73" type="stmt" count="4"/>
        <line num="74" type="stmt" count="1"/>
        <line num="75" type="stmt" count="1"/>
        <line num="76" type="stmt" count="4"/>
        <line num="77" type="stmt" count="4"/>
        <line num="79" type="stmt" count="4"/>
        <line num="81" type="stmt" count="4"/>
        <line num="82" type="stmt" count="4"/>
        <line num="84" type="stmt" count="7"/>
        <line num="85" type="stmt" count="4"/>
        <line num="86" type="stmt" count="4"/>
        <line num="87" type="stmt" count="4"/>
        <line num="88" type="stmt" count="3"/>
        <line num="89" type="stmt" count="3"/>
        <line num="90" type="stmt" count="7"/>
        <line num="91" type="stmt" count="5"/>
        <line num="92" type="stmt" count="5"/>
        <line num="94" type="stmt" count="7"/>
        <line num="95" type="stmt" count="4"/>
        <line num="96" type="stmt" count="4"/>
        <line num="97" type="stmt" count="7"/>
        <line num="98" type="stmt" count="7"/>
        <line num="99" type="stmt" count="1"/>
        <line num="100" type="stmt" count="1"/>
        <line num="101" type="stmt" count="1"/>
        <line num="102" type="stmt" count="1"/>
        <line num="103" type="stmt" count="1"/>
        <line num="105" type="stmt" count="1"/>
        <line num="106" type="stmt" count="1"/>
        <line num="108" type="stmt" count="7"/>
        <line num="116" type="method" name="parseBlockCommentSummary" crap="5" count="7"/>
        <line num="118" type="stmt" count="7"/>
        <line num="119" type="stmt" count="7"/>
        <line num="120" type="stmt" count="5"/>
        <line num="121" type="stmt" count="5"/>
        <line num="124" type="stmt" count="3"/>
        <line num="125" type="stmt" count="3"/>
        <line num="126" type="stmt" count="3"/>
        <line num="127" type="stmt" count="3"/>
        <line num="129" type="stmt" count="3"/>
        <line num="130" type="stmt" count="7"/>
        <line num="132" type="stmt" count="7"/>
        <line num="133" type="stmt" count="4"/>
        <line num="134" type="stmt" count="4"/>
        <line num="135" type="stmt" count="3"/>
        <line num="138" type="stmt" count="7"/>
        <line num="146" type="method" name="parseBlockCommentBody" crap="3" count="7"/>
        <line num="148" type="stmt" count="7"/>
        <line num="149" type="stmt" count="7"/>
        <line num="150" type="stmt" count="5"/>
        <line num="151" type="stmt" count="7"/>
        <line num="153" type="stmt" count="7"/>
        <line num="154" type="stmt" count="2"/>
        <line num="155" type="stmt" count="2"/>
        <line num="156" type="stmt" count="5"/>
        <line num="159" type="stmt" count="7"/>
        <line num="162" type="stmt" count="0"/>
        <metrics loc="161" ncloc="123" classes="1" methods="5" coveredmethods="5" conditionals="0" coveredconditionals="0" statements="76" coveredstatements="76" elements="81" coveredelements="81"/>
      </file>
    </package>
    <file name="/home/travis/build/eloquent/blox/src/Eloquent/Blox/DocumentationBlockParserInterface.php">
      <line num="28" type="stmt" count="0"/>
      <metrics loc="27" ncloc="9" classes="0" methods="0" coveredmethods="0" conditionals="0" coveredconditionals="0" statements="0" coveredstatements="0" elements="0" coveredelements="0"/>
    </file>
    <package name="Eloquent\Blox\Element">
      <file name="/home/travis/build/eloquent/blox/src/Eloquent/Blox/Element/DocumentationBlock.php">
        <class name="DocumentationBlock" namespace="Eloquent\Blox\Element">
          <metrics methods="6" coveredmethods="6" conditionals="0" coveredconditionals="0" statements="18" coveredstatements="18" elements="24" coveredelements="24"/>
        </class>
        <line num="27" type="method" name="__construct" crap="2" count="4"/>
        <line num="32" type="stmt" count="4"/>
        <line num="33" type="stmt" count="2"/>
        <line num="34" type="stmt" count="2"/>
        <line num="36" type="stmt" count="4"/>
        <line num="37" type="stmt" count="4"/>
        <line num="38" type="stmt" count="4"/>
        <line num="39" type="stmt" count="4"/>
        <line num="46" type="method" name="tags" crap="1" count="3"/>
        <line num="48" type="stmt" count="3"/>
        <line num="58" type="method" name="tagsByName" crap="3" count="2"/>
        <line num="60" type="stmt" count="2"/>
        <line num="61" type="stmt" count="2"/>
        <line num="62" type="stmt" count="2"/>
        <line num="63" type="stmt" count="2"/>
        <line num="64" type="stmt" count="2"/>
        <line num="65" type="stmt" count="2"/>
        <line num="67" type="stmt" count="2"/>
        <line num="75" type="method" name="summary" crap="1" count="2"/>
        <line num="77" type="stmt" count="2"/>
        <line num="85" type="method" name="body" crap="1" count="2"/>
        <line num="87" type="stmt" count="2"/>
        <line num="97" type="method" name="accept" crap="1" count="1"/>
        <line num="99" type="stmt" count="1"/>
        <metrics loc="105" ncloc="57" classes="1" methods="6" coveredmethods="6" conditionals="0" coveredconditionals="0" statements="18" coveredstatements="18" elements="24" coveredelements="24"/>
      </file>
      <file name="/home/travis/build/eloquent/blox/src/Eloquent/Blox/Element/DocumentationTag.php">
        <class name="DocumentationTag" namespace="Eloquent\Blox\Element">
          <metrics methods="4" coveredmethods="4" conditionals="0" coveredconditionals="0" statements="6" coveredstatements="6" elements="10" coveredelements="10"/>
        </class>
        <line num="25" type="method" name="__construct" crap="1" count="4"/>
        <line num="27" type="stmt" count="4"/>
        <line num="28" type="stmt" count="4"/>
        <line num="29" type="stmt" count="4"/>
        <line num="36" type="method" name="name" crap="1" count="3"/>
        <line num="38" type="stmt" count="3"/>
        <line num="46" type="method" name="content" crap="1" count="3"/>
        <line num="48" type="stmt" count="3"/>
        <line num="58" type="method" name="accept" crap="1" count="1"/>
        <line num="60" type="stmt" count="1"/>
        <metrics loc="65" ncloc="31" classes="1" methods="4" coveredmethods="4" conditionals="0" coveredconditionals="0" statements="6" coveredstatements="6" elements="10" coveredelements="10"/>
      </file>
    </package>
    <file name="/home/travis/build/eloquent/blox/src/Eloquent/Blox/Element/DocumentationVisitorInterface.php">
      <line num="39" type="stmt" count="0"/>
      <metrics loc="38" ncloc="13" classes="0" methods="0" coveredmethods="0" conditionals="0" coveredconditionals="0" statements="0" coveredstatements="0" elements="0" coveredelements="0"/>
    </file>
    <metrics files="5" loc="396" ncloc="233" classes="3" methods="15" coveredmethods="15" conditionals="0" coveredconditionals="0" statements="100" coveredstatements="100" elements="115" coveredelements="115"/>
  </project>
</coverage>
