<?xml version="1.0" encoding="UTF-8"?>
<testsuites>
  <testsuite name="" tests="13" assertions="24" failures="0" errors="0" time="0.103583">
    <testsuite name="Eloquent\Blox\BloxParserTest" file="/home/travis/build/eloquent/blox/test/suite/Eloquent/Blox/BloxParserTest.php" namespace="Eloquent\Blox" fullPackage="Eloquent.Blox" tests="6" assertions="6" failures="0" errors="0" time="0.065244">
      <testsuite name="Eloquent\Blox\BloxParserTest::testParseBlockComment" tests="6" assertions="6" failures="0" errors="0" time="0.065244">
        <testcase name="testParseBlockComment with data set &quot;Empty block&quot;" assertions="1" time="0.018927"/>
        <testcase name="testParseBlockComment with data set &quot;Standard block&quot;" assertions="1" time="0.012742"/>
        <testcase name="testParseBlockComment with data set &quot;Summary only&quot;" assertions="1" time="0.005787"/>
        <testcase name="testParseBlockComment with data set &quot;Body only&quot;" assertions="1" time="0.005726"/>
        <testcase name="testParseBlockComment with data set &quot;Tags only&quot;" assertions="1" time="0.012246"/>
        <testcase name="testParseBlockComment with data set &quot;Empty tags&quot;" assertions="1" time="0.009816"/>
      </testsuite>
    </testsuite>
    <testsuite name="Eloquent\Blox\Element\DocumentationBlockTest" file="/home/travis/build/eloquent/blox/test/suite/Eloquent/Blox/Element/DocumentationBlockTest.php" namespace="Eloquent\Blox\Element" fullPackage="Eloquent.Blox.Element" tests="3" assertions="11" failures="0" errors="0" time="0.020661">
      <testcase name="testBlock" class="Eloquent\Blox\Element\DocumentationBlockTest" file="/home/travis/build/eloquent/blox/test/suite/Eloquent/Blox/Element/DocumentationBlockTest.php" line="19" assertions="6" time="0.005412"/>
      <testcase name="testTagsByName" class="Eloquent\Blox\Element\DocumentationBlockTest" file="/home/travis/build/eloquent/blox/test/suite/Eloquent/Blox/Element/DocumentationBlockTest.php" line="41" assertions="3" time="0.007014"/>
      <testcase name="testAccept" class="Eloquent\Blox\Element\DocumentationBlockTest" file="/home/travis/build/eloquent/blox/test/suite/Eloquent/Blox/Element/DocumentationBlockTest.php" line="71" assertions="2" time="0.008235"/>
    </testsuite>
    <testsuite name="Eloquent\Blox\Element\DocumentationTagTest" file="/home/travis/build/eloquent/blox/test/suite/Eloquent/Blox/Element/DocumentationTagTest.php" namespace="Eloquent\Blox\Element" fullPackage="Eloquent.Blox.Element" tests="3" assertions="6" failures="0" errors="0" time="0.013077">
      <testcase name="testTag" class="Eloquent\Blox\Element\DocumentationTagTest" file="/home/travis/build/eloquent/blox/test/suite/Eloquent/Blox/Element/DocumentationTagTest.php" line="19" assertions="2" time="0.003289"/>
      <testcase name="testTagNullContent" class="Eloquent\Blox\Element\DocumentationTagTest" file="/home/travis/build/eloquent/blox/test/suite/Eloquent/Blox/Element/DocumentationTagTest.php" line="29" assertions="2" time="0.003284"/>
      <testcase name="testAccept" class="Eloquent\Blox\Element\DocumentationTagTest" file="/home/travis/build/eloquent/blox/test/suite/Eloquent/Blox/Element/DocumentationTagTest.php" line="38" assertions="2" time="0.006504"/>
    </testsuite>
    <testsuite name="FunctionalTest" file="/home/travis/build/eloquent/blox/test/suite/FunctionalTest.php" tests="1" assertions="1" failures="0" errors="0" time="0.004601">
      <testcase name="testExample" class="FunctionalTest" file="/home/travis/build/eloquent/blox/test/suite/FunctionalTest.php" line="16" assertions="1" time="0.004601"/>
    </testsuite>
  </testsuite>
</testsuites>
